13-11-2020 12:11:03 [研报批量下载工具 3.0]:INFO:开始执行功能 1
13-11-2020 12:11:03 [研报批量下载工具 3.0]:INFO:[600438]成功获取13个研报
13-11-2020 12:11:08 [研报批量下载工具 3.0]:INFO:[600438]当前下载进度：1/13
13-11-2020 12:11:08 [研报批量下载工具 3.0]:INFO:当前研报文件名：2020-02-13_申港证券_公司点评：从OCI产能退出看通威新规划意义.pdf
13-11-2020 12:11:09 [研报批量下载工具 3.0]:INFO:[600438]当前下载进度：2/13
13-11-2020 12:11:09 [研报批量下载工具 3.0]:INFO:当前研报文件名：2020-02-13_东方证券_逆周期扩张拉开序幕，平价临近龙头蓄势待发.pdf
13-11-2020 12:11:10 [研报批量下载工具 3.0]:INFO:[600438]当前下载进度：3/13
13-11-2020 12:11:10 [研报批量下载工具 3.0]:INFO:当前研报文件名：2020-02-13_太平洋_发布硅料电池片长期规划，彰显强势龙头地位.pdf
13-11-2020 12:11:10 [研报批量下载工具 3.0]:INFO:[600438]当前下载进度：4/13
13-11-2020 12:11:10 [研报批量下载工具 3.0]:INFO:当前研报文件名：2020-02-13_浙商证券_通威股份2020-2023高纯晶硅及太阳能电池业务扩产公告点评：龙头扩产风起时，硅料电池双冠军.pdf
13-11-2020 12:11:11 [研报批量下载工具 3.0]:INFO:[600438]当前下载进度：5/13
13-11-2020 12:11:11 [研报批量下载工具 3.0]:INFO:当前研报文件名：2020-02-12_光大证券_扩产规划公告点评：借成本优势持续扩张，打造硅料/电池片世界级龙头.pdf
13-11-2020 12:11:12 [研报批量下载工具 3.0]:INFO:[600438]当前下载进度：6/13
13-11-2020 12:11:12 [研报批量下载工具 3.0]:INFO:当前研报文件名：2020-02-12_中国银河_产能强势扩张，打造硅料、电池片领域霸主地位.pdf
13-11-2020 12:11:13 [研报批量下载工具 3.0]:INFO:[600438]当前下载进度：7/13
13-11-2020 12:11:13 [研报批量下载工具 3.0]:INFO:当前研报文件名：2020-02-12_中国银河_产能强势扩张 打造硅料、电池片领域霸主地位.pdf
13-11-2020 12:11:15 [研报批量下载工具 3.0]:INFO:[600438]当前下载进度：8/13
13-11-2020 12:11:15 [研报批量下载工具 3.0]:INFO:当前研报文件名：2020-02-12_东北证券_产能扩张两翼齐飞，行业格局优化.pdf
13-11-2020 12:11:15 [研报批量下载工具 3.0]:INFO:[600438]当前下载进度：9/13
13-11-2020 12:11:15 [研报批量下载工具 3.0]:INFO:当前研报文件名：2020-02-12_平安证券_大幅扩产计划推出，打造硅料和电池片巨无霸.pdf
13-11-2020 12:11:16 [研报批量下载工具 3.0]:INFO:[600438]当前下载进度：10/13
13-11-2020 12:11:16 [研报批量下载工具 3.0]:INFO:当前研报文件名：2020-02-12_国金证券_拥成本优势坚定扩产，稳坐硅料电池龙头宝座.pdf
