14-53-2020 20:53:44 [企业工商信息截图工具 v1.1]:INFO:尝试获取15Seconds微信公众号的授权
14-53-2020 20:53:45 [企业工商信息截图工具 v1.1]:INFO:15Seconds微信公众号授权成功
14-53-2020 20:53:50 [企业工商信息截图工具 v1.1]:INFO:开始执行功能1
14-53-2020 20:53:50 [企业工商信息截图工具 v1.1]:INFO:部分数据预览如下：
14-53-2020 20:53:50 [企业工商信息截图工具 v1.1]:INFO:['江苏启海国际贸易有限公司', '湖南省棉麻企业股份有限公司', '新疆新棉棉花销售有限责任公司', '莎车县宏源棉业有限责任公司', '泽普县新渝纺织有限责任公司']
14-53-2020 20:53:50 [企业工商信息截图工具 v1.1]:INFO:已成功加载16个待查询公司名称
14-54-2020 20:54:02 [企业工商信息截图工具 v1.1]:INFO:当前进度：1/16 江苏启海国际贸易有限公司
14-54-2020 20:54:03 [企业工商信息截图工具 v1.1]:INFO:江苏启海国际贸易有限公司 的网页链接获取成功
14-54-2020 20:54:05 [企业工商信息截图工具 v1.1]:INFO:江苏启海国际贸易有限公司 的基本工商信息正在获取
14-54-2020 20:54:05 [企业工商信息截图工具 v1.1]:INFO:江苏启海国际贸易有限公司 的基本工商信息获取成功
14-54-2020 20:54:05 [企业工商信息截图工具 v1.1]:INFO:---为友好可持续的获取数据，等待 2.2 秒---
14-54-2020 20:54:07 [企业工商信息截图工具 v1.1]:INFO:当前进度：2/16 湖南省棉麻企业股份有限公司
14-54-2020 20:54:08 [企业工商信息截图工具 v1.1]:INFO:湖南省棉麻企业股份有限公司 的网页链接获取成功
14-54-2020 20:54:09 [企业工商信息截图工具 v1.1]:INFO:湖南省棉麻企业股份有限公司 的基本工商信息正在获取
14-54-2020 20:54:09 [企业工商信息截图工具 v1.1]:INFO:湖南省棉麻企业股份有限公司 的基本工商信息获取成功
14-54-2020 20:54:09 [企业工商信息截图工具 v1.1]:INFO:---为友好可持续的获取数据，等待 6.33 秒---
14-54-2020 20:54:16 [企业工商信息截图工具 v1.1]:INFO:当前进度：3/16 新疆新棉棉花销售有限责任公司
14-54-2020 20:54:16 [企业工商信息截图工具 v1.1]:INFO:新疆新棉棉花销售有限责任公司 的网页链接获取成功
14-54-2020 20:54:17 [企业工商信息截图工具 v1.1]:INFO:新疆新棉棉花销售有限责任公司 的基本工商信息正在获取
14-54-2020 20:54:18 [企业工商信息截图工具 v1.1]:INFO:新疆新棉棉花销售有限责任公司 的基本工商信息获取成功
14-54-2020 20:54:18 [企业工商信息截图工具 v1.1]:INFO:---为友好可持续的获取数据，等待 6.98 秒---
14-54-2020 20:54:25 [企业工商信息截图工具 v1.1]:INFO:当前进度：4/16 莎车县宏源棉业有限责任公司
14-54-2020 20:54:26 [企业工商信息截图工具 v1.1]:INFO:莎车县宏源棉业有限责任公司 的网页链接获取成功
14-54-2020 20:54:27 [企业工商信息截图工具 v1.1]:INFO:莎车县宏源棉业有限责任公司 的基本工商信息正在获取
14-54-2020 20:54:27 [企业工商信息截图工具 v1.1]:INFO:莎车县宏源棉业有限责任公司 的基本工商信息获取成功
14-54-2020 20:54:27 [企业工商信息截图工具 v1.1]:INFO:---为友好可持续的获取数据，等待 2.04 秒---
14-54-2020 20:54:29 [企业工商信息截图工具 v1.1]:INFO:当前进度：5/16 泽普县新渝纺织有限责任公司
14-54-2020 20:54:30 [企业工商信息截图工具 v1.1]:INFO:泽普县新渝纺织有限责任公司 的网页链接获取成功
14-54-2020 20:54:31 [企业工商信息截图工具 v1.1]:INFO:泽普县新渝纺织有限责任公司 的基本工商信息正在获取
14-54-2020 20:54:31 [企业工商信息截图工具 v1.1]:INFO:泽普县新渝纺织有限责任公司 的基本工商信息获取成功
14-54-2020 20:54:31 [企业工商信息截图工具 v1.1]:INFO:---为友好可持续的获取数据，等待 6.11 秒---
14-54-2020 20:54:37 [企业工商信息截图工具 v1.1]:INFO:当前进度：6/16 阿拉尔市德茂棉业有限公司
14-54-2020 20:54:37 [企业工商信息截图工具 v1.1]:INFO:阿拉尔市德茂棉业有限公司 的网页链接获取成功
14-54-2020 20:54:38 [企业工商信息截图工具 v1.1]:INFO:阿拉尔市德茂棉业有限公司 的基本工商信息正在获取
14-54-2020 20:54:39 [企业工商信息截图工具 v1.1]:INFO:阿拉尔市德茂棉业有限公司 的基本工商信息获取成功
14-54-2020 20:54:39 [企业工商信息截图工具 v1.1]:INFO:---为友好可持续的获取数据，等待 4.29 秒---
14-54-2020 20:54:43 [企业工商信息截图工具 v1.1]:INFO:当前进度：7/16 浙江特产新天地纺织原料有限公司
14-54-2020 20:54:43 [企业工商信息截图工具 v1.1]:INFO:浙江特产新天地纺织原料有限公司 的网页链接获取成功
14-54-2020 20:54:45 [企业工商信息截图工具 v1.1]:INFO:浙江特产新天地纺织原料有限公司 的基本工商信息正在获取
14-54-2020 20:54:45 [企业工商信息截图工具 v1.1]:INFO:浙江特产新天地纺织原料有限公司 的基本工商信息获取成功
14-54-2020 20:54:45 [企业工商信息截图工具 v1.1]:INFO:---为友好可持续的获取数据，等待 4.32 秒---
14-54-2020 20:54:49 [企业工商信息截图工具 v1.1]:INFO:当前进度：8/16 中棉集团河南物流园有限公司
14-54-2020 20:54:50 [企业工商信息截图工具 v1.1]:INFO:中棉集团河南物流园有限公司 的网页链接获取成功
14-54-2020 20:54:51 [企业工商信息截图工具 v1.1]:INFO:中棉集团河南物流园有限公司 的基本工商信息正在获取
14-54-2020 20:54:51 [企业工商信息截图工具 v1.1]:INFO:中棉集团河南物流园有限公司 的基本工商信息获取成功
14-54-2020 20:54:51 [企业工商信息截图工具 v1.1]:INFO:---为友好可持续的获取数据，等待 5.24 秒---
14-54-2020 20:54:56 [企业工商信息截图工具 v1.1]:INFO:当前进度：9/16 夏津县鸿绣元贸易有限公司
14-54-2020 20:54:57 [企业工商信息截图工具 v1.1]:INFO:夏津县鸿绣元贸易有限公司 的网页链接获取成功
14-54-2020 20:54:58 [企业工商信息截图工具 v1.1]:INFO:夏津县鸿绣元贸易有限公司 的基本工商信息正在获取
14-54-2020 20:54:58 [企业工商信息截图工具 v1.1]:INFO:夏津县鸿绣元贸易有限公司 的基本工商信息获取成功
14-54-2020 20:54:58 [企业工商信息截图工具 v1.1]:INFO:---为友好可持续的获取数据，等待 4.75 秒---
14-55-2020 20:55:03 [企业工商信息截图工具 v1.1]:INFO:当前进度：10/16 新疆美林达投资有限公司
14-55-2020 20:55:04 [企业工商信息截图工具 v1.1]:INFO:新疆美林达投资有限公司 的网页链接获取成功
14-55-2020 20:55:05 [企业工商信息截图工具 v1.1]:INFO:新疆美林达投资有限公司 的基本工商信息正在获取
14-55-2020 20:55:05 [企业工商信息截图工具 v1.1]:INFO:新疆美林达投资有限公司 的基本工商信息获取成功
14-55-2020 20:55:05 [企业工商信息截图工具 v1.1]:INFO:---为友好可持续的获取数据，等待 4.43 秒---
14-55-2020 20:55:09 [企业工商信息截图工具 v1.1]:INFO:当前进度：11/16 北京全国棉花交易市场电子商务有限责任公司
14-55-2020 20:55:10 [企业工商信息截图工具 v1.1]:INFO:北京全国棉花交易市场电子商务有限责任公司 的网页链接获取成功
14-55-2020 20:55:11 [企业工商信息截图工具 v1.1]:INFO:北京全国棉花交易市场电子商务有限责任公司 的基本工商信息正在获取
14-55-2020 20:55:11 [企业工商信息截图工具 v1.1]:INFO:北京全国棉花交易市场电子商务有限责任公司 的基本工商信息获取成功
14-55-2020 20:55:11 [企业工商信息截图工具 v1.1]:INFO:---为友好可持续的获取数据，等待 4.4 秒---
14-55-2020 20:55:15 [企业工商信息截图工具 v1.1]:INFO:当前进度：12/16 西安陕鼓动力股份有限公司
14-55-2020 20:55:16 [企业工商信息截图工具 v1.1]:INFO:西安陕鼓动力股份有限公司 的网页链接获取成功
14-55-2020 20:55:17 [企业工商信息截图工具 v1.1]:INFO:西安陕鼓动力股份有限公司 的基本工商信息正在获取
14-55-2020 20:55:17 [企业工商信息截图工具 v1.1]:INFO:西安陕鼓动力股份有限公司 的基本工商信息获取成功
14-55-2020 20:55:17 [企业工商信息截图工具 v1.1]:INFO:---为友好可持续的获取数据，等待 5.89 秒---
14-55-2020 20:55:23 [企业工商信息截图工具 v1.1]:INFO:当前进度：13/16 西安陕鼓动力股份有限公司
14-55-2020 20:55:24 [企业工商信息截图工具 v1.1]:INFO:西安陕鼓动力股份有限公司 的网页链接获取成功
14-55-2020 20:55:25 [企业工商信息截图工具 v1.1]:INFO:西安陕鼓动力股份有限公司 的基本工商信息正在获取
14-55-2020 20:55:25 [企业工商信息截图工具 v1.1]:INFO:西安陕鼓动力股份有限公司 的基本工商信息获取成功
14-55-2020 20:55:25 [企业工商信息截图工具 v1.1]:INFO:---为友好可持续的获取数据，等待 4.41 秒---
14-55-2020 20:55:29 [企业工商信息截图工具 v1.1]:INFO:当前进度：14/16 安徽中远工程机械销售有限公司
14-55-2020 20:55:30 [企业工商信息截图工具 v1.1]:INFO:安徽中远工程机械销售有限公司 的网页链接获取成功
14-55-2020 20:55:31 [企业工商信息截图工具 v1.1]:INFO:安徽中远工程机械销售有限公司 的基本工商信息正在获取
14-55-2020 20:55:31 [企业工商信息截图工具 v1.1]:INFO:安徽中远工程机械销售有限公司 的基本工商信息获取成功
14-55-2020 20:55:31 [企业工商信息截图工具 v1.1]:INFO:---为友好可持续的获取数据，等待 6.74 秒---
14-55-2020 20:55:38 [企业工商信息截图工具 v1.1]:INFO:当前进度：15/16 安阳凌云冶金耐材有限公司
14-55-2020 20:55:38 [企业工商信息截图工具 v1.1]:INFO:安阳凌云冶金耐材有限公司 的网页链接获取成功
14-55-2020 20:55:40 [企业工商信息截图工具 v1.1]:INFO:安阳凌云冶金耐材有限公司 的基本工商信息正在获取
14-55-2020 20:55:40 [企业工商信息截图工具 v1.1]:INFO:安阳凌云冶金耐材有限公司 的基本工商信息获取成功
14-55-2020 20:55:40 [企业工商信息截图工具 v1.1]:INFO:---为友好可持续的获取数据，等待 2.26 秒---
14-55-2020 20:55:42 [企业工商信息截图工具 v1.1]:INFO:当前进度：16/16 西安陕鼓动力股份有限公司
14-55-2020 20:55:43 [企业工商信息截图工具 v1.1]:INFO:西安陕鼓动力股份有限公司 的网页链接获取成功
14-55-2020 20:55:44 [企业工商信息截图工具 v1.1]:INFO:西安陕鼓动力股份有限公司 的基本工商信息正在获取
14-55-2020 20:55:44 [企业工商信息截图工具 v1.1]:INFO:西安陕鼓动力股份有限公司 的基本工商信息获取成功
14-55-2020 20:55:44 [企业工商信息截图工具 v1.1]:INFO:---为友好可持续的获取数据，等待 3.2 秒---
14-55-2020 20:55:49 [企业工商信息截图工具 v1.1]:INFO:查询总用时：124.7551658153534 秒
